Build started 01.06.2020 17:04:58.
     1>Project "c:\Users\bogdan\documents\visual studio 2013\Projects\lab8\lab8\lab8.vcxproj" on node 2 (Build target(s)).
     1>_MASM:
         Assembling longop.asm...
         cmd.exe /C "C:\Users\bogdan\AppData\Local\Temp\tmpa0a7a8011ae343da8b18ff61d9fa40cb.cmd"
         ml.exe /c /nologo /Zi /Fo"Debug\longop.obj" /W3 /errorReport:prompt  /Talongop.asm
       _MASM:
         Assembling main8.asm...
         cmd.exe /C "C:\Users\bogdan\AppData\Local\Temp\tmp1b55cff5036146108026a5d09deabc9c.cmd"
         ml.exe /c /nologo /Zi /Fo"Debug\main8.obj" /W3 /errorReport:prompt  /Tamain8.asm
       _MASM:
         Assembling module.asm...
         cmd.exe /C "C:\Users\bogdan\AppData\Local\Temp\tmp990c71cb47de483094d90378da4b2dbd.cmd"
         ml.exe /c /nologo /Zi /Fo"Debug\module.obj" /W3 /errorReport:prompt  /Tamodule.asm
       Link:
         C:\Program Files (x86)\Microsoft Visual Studio 12.0\VC\bin\link.exe /ERRORREPORT:PROMPT /OUT:"c:\users\bogdan\documents\visual studio 2013\Projects\lab8\Debug\lab8.exe" /INCREMENTAL /NOLOGO kernel32.lib user32.lib gdi32.lib winspool.lib comdlg32.lib advapi32.lib shell32.lib ole32.lib oleaut32.lib uuid.lib odbc32.lib odbccp32.lib /MANIFEST /MANIFESTUAC:"level='asInvoker' uiAccess='false'" /manifest:embed /DEBUG /PDB:"c:\users\bogdan\documents\visual studio 2013\Projects\lab8\Debug\lab8.pdb" /SUBSYSTEM:WINDOWS /TLBID:1 /DYNAMICBASE /NXCOMPAT /IMPLIB:"c:\users\bogdan\documents\visual studio 2013\Projects\lab8\Debug\lab8.lib" /MACHINE:X86 Debug\longop.obj
         Debug\main8.obj
         Debug\module.obj
         lab8.vcxproj -> c:\users\bogdan\documents\visual studio 2013\Projects\lab8\Debug\lab8.exe
     1>Done Building Project "c:\Users\bogdan\documents\visual studio 2013\Projects\lab8\lab8\lab8.vcxproj" (Build target(s)).

Build succeeded.

Time Elapsed 00:00:01.22
